#
# A fatal error has been detected by the Java Runtime Environment:
#
#  SIGBUS (0xa) at pc=0x000000010ffa8669, pid=1849, tid=10499
#
# JRE version: Java(TM) SE Runtime Environment (8.0_73-b02) (build 1.8.0_73-b02)
# Java VM: Java HotSpot(TM) 64-Bit Server VM (25.73-b02 mixed mode bsd-amd64 compressed oops)
# Problematic frame:
# V  [libjvm.dylib+0x1a8669]
#
# Failed to write core dump. Core dumps have been disabled. To enable core dumping, try "ulimit -c unlimited" before starting Java again
#
# If you would like to submit a bug report, please visit:
#   http://bugreport.java.com/bugreport/crash.jsp
#

---------------  T H R E A D  ---------------

Current thread (0x00007fb2f1013000):  GCTaskThread [stack: 0x0000700005f8f000,0x000070000608f000] [id=10499]

siginfo: si_signo: 10 (SIGBUS), si_code: 2 (BUS_ADRERR), si_addr: 0x00000007e01f3678

Registers:
RAX=0x0000000110630930, RBX=0x00007fb2f0d03c30, RCX=0x00000000000df403, RDX=0x00000000006fa601
RSP=0x000070000608ebd0, RBP=0x000070000608ebd0, RSI=0x00000007837d3000, RDI=0x00000007e01f3670
R8 =0x000000000000006f, R9 =0x000000000000a1c4, R10=0x2420040001208001, R11=0x0000000000040000
R12=0x00000007837e71d8, R13=0x00000007837e7200, R14=0x00000007837d3000, R15=0x00000007c01f3868
RIP=0x000000010ffa8669, EFLAGS=0x0000000000010202, ERR=0x0000000000000004
  TRAPNO=0x000000000000000e

Top of Stack: (sp=0x000070000608ebd0)
0x000070000608ebd0:   000070000608ec00 00000001100c0708
0x000070000608ebe0:   00007fb2f0d03c30 00007fb2f0d03c30
0x000070000608ebf0:   00000007c01f3860 00000007c01f3868
0x000070000608ec00:   000070000608ec50 00000001100bd259
0x000070000608ec10:   00007fb2f0d03c30 00000007837e71c8
0x000070000608ec20:   000000078038a128 00007fb2f0d03c30
0x000070000608ec30:   00000007837e71c8 0000000110407508
0x000070000608ec40:   00007fb2f0d03c38 0000000110630930
0x000070000608ec50:   000070000608ece0 00000001102b49a6
0x000070000608ec60:   00007fb2f0c0d468 00007fb2f0d03c70
0x000070000608ec70:   00007fb2f0d03cb8 00007fb2f0d03cf0
0x000070000608ec80:   000070000608ecb0 00000001100c0813
0x000070000608ec90:   00000007837e71c8 000070000608ed88
0x000070000608eca0:   0000000000000078 00000001106f7ae0
0x000070000608ecb0:   000070000608ece0 00007fb2f0d03c30
0x000070000608ecc0:   0000000000000000 0000000110407508
0x000070000608ecd0:   000070000608ed88 0000000000000001
0x000070000608ece0:   000070000608edb0 00000001102a777f
0x000070000608ecf0:   000070000608ed60 00007fff9161563e
0x000070000608ed00:   0000000000000000 0000000000000000
0x000070000608ed10:   0000000000000000 00007fb2f0c0b368
0x000070000608ed20:   0000000000000000 0000000010615400
0x000070000608ed30:   0000700000000000 00007fb2f0c0b300
0x000070000608ed40:   0000000000000000 00000001103e4567
0x000070000608ed50:   00007fb2f0c0b328 0000000000000003
0x000070000608ed60:   000070000608ed80 000000011027f452
0x000070000608ed70:   00000001106c8650 00007fb2f0c0a400
0x000070000608ed80:   000070000608ed88 00000001106c8620
0x000070000608ed90:   0000000000000000 00007fb2f0d03c30
0x000070000608eda0:   00007fb2f1013000 00007fb2f0c0f460
0x000070000608edb0:   000070000608ee90 0000000110074757
0x000070000608edc0:   000070000608edf0 00007fb2f0c0c800 

Instructions: (pc=0x000000010ffa8669)
0x000000010ffa8649:   84 d2 48 89 fe 74 15 48 8d 05 d9 82 68 00 8a 48
0x000000010ffa8659:   08 8b 7e 08 48 d3 e7 48 03 38 eb 04 48 8b 7e 08
0x000000010ffa8669:   8b 47 08 85 c0 7e 09 a8 01 75 4e c1 f8 03 eb 47
0x000000010ffa8679:   85 c0 7f 43 85 c0 79 41 84 d2 0f 94 c1 0f b6 c9 

Register to memory mapping:

RAX=0x0000000110630930: _ZN8Universe13_narrow_klassE+0 in /Library/Java/JavaVirtualMachines/jdk1.8.0_73.jdk/Contents/Home/jre/lib/server/libjvm.dylib at 0x000000010fe00000
RBX=0x00007fb2f0d03c30 is an unknown value
RCX=0x00000000000df403 is an unknown value
RDX=0x00000000006fa601 is an unknown value
RSP=0x000070000608ebd0 is an unknown value
RBP=0x000070000608ebd0 is an unknown value
RSI=
[error occurred during error reporting (printing register info), id 0xa]

Stack: [0x0000700005f8f000,0x000070000608f000],  sp=0x000070000608ebd0,  free space=1022k
Native frames: (J=compiled Java code, j=interpreted, Vv=VM code, C=native code)
V  [libjvm.dylib+0x1a8669]
V  [libjvm.dylib+0x2c0708]
V  [libjvm.dylib+0x2bd259]
V  [libjvm.dylib+0x4b49a6]
V  [libjvm.dylib+0x4a777f]
V  [libjvm.dylib+0x274757]
V  [libjvm.dylib+0x4838a2]
C  [libsystem_pthread.dylib+0x3aab]  _pthread_body+0xb4
C  [libsystem_pthread.dylib+0x39f7]  _pthread_body+0x0
C  [libsystem_pthread.dylib+0x31fd]  thread_start+0xd


---------------  P R O C E S S  ---------------

Java Threads: ( => current thread )
  0x00007fb2f7a58800 JavaThread "Stdin handler" [_thread_blocked, id=5171, stack(0x0000700006ebc000,0x0000700006fbc000)]
  0x00007fb2f4fb8000 JavaThread "Daemon worker Thread 9" [_thread_blocked, id=21795, stack(0x0000700006db9000,0x0000700006eb9000)]
  0x00007fb2f7be0800 JavaThread "Cancel handler" [_thread_blocked, id=24887, stack(0x0000700006cb6000,0x0000700006db6000)]
  0x00007fb2f4efc000 JavaThread "Handler for socket connection from /127.0.0.1:52717 to /127.0.0.1:50134" [_thread_in_native, id=20775, stack(0x0000700006bb3000,0x0000700006cb3000)]
  0x00007fb2f1266800 JavaThread "Daemon Thread 9" [_thread_blocked, id=20259, stack(0x0000700005b80000,0x0000700005c80000)]
  0x00007fb2f4aef000 JavaThread "File lock request listener" [_thread_in_native, id=23299, stack(0x00007000070ed000,0x00007000071ed000)]
  0x00007fb2f121e000 JavaThread "Incoming local TCP Connector on port 52717" [_thread_in_native, id=19715, stack(0x0000700006ab0000,0x0000700006bb0000)]
  0x00007fb2f181d800 JavaThread "Service Thread" daemon [_thread_blocked, id=18691, stack(0x00007000068aa000,0x00007000069aa000)]
  0x00007fb2f2815000 JavaThread "C1 CompilerThread2" daemon [_thread_blocked, id=18179, stack(0x00007000067a7000,0x00007000068a7000)]
  0x00007fb2f2814000 JavaThread "C2 CompilerThread1" daemon [_thread_blocked, id=17667, stack(0x00007000066a4000,0x00007000067a4000)]
  0x00007fb2f1813000 JavaThread "C2 CompilerThread0" daemon [_thread_blocked, id=17155, stack(0x00007000065a1000,0x00007000066a1000)]
  0x00007fb2f2001000 JavaThread "Signal Dispatcher" daemon [_thread_blocked, id=16643, stack(0x000070000649e000,0x000070000659e000)]
  0x00007fb2f200b800 JavaThread "Finalizer" daemon [_thread_blocked, id=12547, stack(0x000070000639b000,0x000070000649b000)]
  0x00007fb2f2805000 JavaThread "Reference Handler" daemon [_thread_blocked, id=12035, stack(0x0000700006298000,0x0000700006398000)]
  0x00007fb2f1001800 JavaThread "main" [_thread_blocked, id=7171, stack(0x0000700005c86000,0x0000700005d86000)]

Other Threads:
  0x00007fb2f1809000 VMThread [stack: 0x0000700006195000,0x0000700006295000] [id=11523]
  0x00007fb2f181d000 WatcherThread [stack: 0x00007000069ad000,0x0000700006aad000] [id=19203]

=>0x00007fb2f1013000 (exited) GCTaskThread [stack: 0x0000700005f8f000,0x000070000608f000] [id=10499]

VM state:at safepoint (normal execution)

VM Mutex/Monitor currently owned by a thread:  ([mutex/lock_event])
[0x00007fb2f0f02f40] Threads_lock - owner thread: 0x00007fb2f1809000
[0x00007fb2f0f03440] Heap_lock - owner thread: 0x00007fb2f4fb8000

Heap:
 PSYoungGen      total 295424K, used 242688K [0x00000007aab00000, 0x00000007c0000000, 0x00000007c0000000)
  eden space 242688K, 100% used [0x00000007aab00000,0x00000007b9800000,0x00000007b9800000)
  from space 52736K, 0% used [0x00000007bcc80000,0x00000007bcc80000,0x00000007c0000000)
  to   space 53248K, 0% used [0x00000007b9800000,0x00000007b9800000,0x00000007bcc00000)
 ParOldGen       total 141824K, used 135253K [0x0000000780000000, 0x0000000788a80000, 0x00000007aab00000)
  object space 141824K, 95% used [0x0000000780000000,0x00000007884156e8,0x0000000788a80000)
 Metaspace       used 115593K, capacity 123924K, committed 124376K, reserved 1155072K
  class space    used 16818K, capacity 19574K, committed 19672K, reserved 1048576K

Card table byte_map: [0x000000011114d000,0x000000011134e000] byte_map_base: 0x000000010d54d000

Marking Bits: (ParMarkBitMap*) 0x00000001106e3ea0
 Begin Bits: [0x000000011134e000, 0x000000011234e000)
 End Bits:   [0x000000011234e000, 0x000000011334e000)

Polling page: 0x000000010f446000

CodeCache: size=245760Kb used=33460Kb max_used=33470Kb free=212299Kb
 bounds [0x000000011e3de000, 0x00000001204ce000, 0x000000012d3de000]
 total_blobs=10004 nmethods=9327 adapters=588
 compilation: enabled

Compilation events (10 events):
Event: 1653.376 Thread 0x00007fb2f2815000 nmethod 12139 0x00000001204c4e50 code [0x00000001204c4fe0, 0x00000001204c5428]
Event: 1653.376 Thread 0x00007fb2f2815000 12140       3       com.google.common.collect.AbstractMapBasedMultimap::access$210 (12 bytes)
Event: 1653.376 Thread 0x00007fb2f2815000 nmethod 12140 0x00000001204c4b10 code [0x00000001204c4c60, 0x00000001204c4db0]
Event: 1653.376 Thread 0x00007fb2f2815000 12141       3       com.google.common.collect.AbstractMapBasedMultimap$WrappedCollection::removeIfEmpty (47 bytes)
Event: 1653.376 Thread 0x00007fb2f2815000 nmethod 12141 0x00000001204c4390 code [0x00000001204c4520, 0x00000001204c4988]
Event: 1653.376 Thread 0x00007fb2f2815000 12142       3       java.util.TreeMap::containsKey (14 bytes)
Event: 1653.377 Thread 0x00007fb2f2815000 nmethod 12142 0x00000001204c3f10 code [0x00000001204c4080, 0x00000001204c42e8]
Event: 1653.379 Thread 0x00007fb2f2814000 nmethod 12136 0x00000001204c3890 code [0x00000001204c3a20, 0x00000001204c3cb8]
Event: 1653.380 Thread 0x00007fb2f2815000 12143   !   3       java.nio.channels.spi.AbstractInterruptibleChannel::close (37 bytes)
Event: 1653.380 Thread 0x00007fb2f2815000 nmethod 12143 0x00000001204c31d0 code [0x00000001204c3340, 0x00000001204c3788]

GC Heap History (10 events):
Event: 800.437 GC heap after
Heap after GC invocations=27 (full 8):
 PSYoungGen      total 289280K, used 0K [0x00000007aab00000, 0x00000007c0000000, 0x00000007c0000000)
  eden space 248320K, 0% used [0x00000007aab00000,0x00000007aab00000,0x00000007b9d80000)
  from space 40960K, 0% used [0x00000007b9d80000,0x00000007b9d80000,0x00000007bc580000)
  to   space 53248K, 0% used [0x00000007bcc00000,0x00000007bcc00000,0x00000007c0000000)
 ParOldGen       total 141824K, used 120633K [0x0000000780000000, 0x0000000788a80000, 0x00000007aab00000)
  object space 141824K, 85% used [0x0000000780000000,0x00000007875ce730,0x0000000788a80000)
 Metaspace       used 92845K, capacity 99036K, committed 99544K, reserved 1132544K
  class space    used 13394K, capacity 15434K, committed 15576K, reserved 1048576K
}
Event: 913.109 GC heap before
{Heap before GC invocations=28 (full 8):
 PSYoungGen      total 289280K, used 248320K [0x00000007aab00000, 0x00000007c0000000, 0x00000007c0000000)
  eden space 248320K, 100% used [0x00000007aab00000,0x00000007b9d80000,0x00000007b9d80000)
  from space 40960K, 0% used [0x00000007b9d80000,0x00000007b9d80000,0x00000007bc580000)
  to   space 53248K, 0% used [0x00000007bcc00000,0x00000007bcc00000,0x00000007c0000000)
 ParOldGen       total 141824K, used 120633K [0x0000000780000000, 0x0000000788a80000, 0x00000007aab00000)
  object space 141824K, 85% used [0x0000000780000000,0x00000007875ce730,0x0000000788a80000)
 Metaspace       used 99820K, capacity 106990K, committed 107224K, reserved 1140736K
  class space    used 14458K, capacity 16771K, committed 16856K, reserved 1048576K
Event: 913.231 GC heap after
Heap after GC invocations=28 (full 8):
 PSYoungGen      total 298496K, used 23442K [0x00000007aab00000, 0x00000007c0000000, 0x00000007c0000000)
  eden space 245248K, 0% used [0x00000007aab00000,0x00000007aab00000,0x00000007b9a80000)
  from space 53248K, 44% used [0x00000007bcc00000,0x00000007be2e4b90,0x00000007c0000000)
  to   space 50688K, 0% used [0x00000007b9a80000,0x00000007b9a80000,0x00000007bcc00000)
 ParOldGen       total 141824K, used 120641K [0x0000000780000000, 0x0000000788a80000, 0x00000007aab00000)
  object space 141824K, 85% used [0x0000000780000000,0x00000007875d0730,0x0000000788a80000)
 Metaspace       used 99820K, capacity 106990K, committed 107224K, reserved 1140736K
  class space    used 14458K, capacity 16771K, committed 16856K, reserved 1048576K
}
Event: 1022.116 GC heap before
{Heap before GC invocations=29 (full 8):
 PSYoungGen      total 298496K, used 268690K [0x00000007aab00000, 0x00000007c0000000, 0x00000007c0000000)
  eden space 245248K, 100% used [0x00000007aab00000,0x00000007b9a80000,0x00000007b9a80000)
  from space 53248K, 44% used [0x00000007bcc00000,0x00000007be2e4b90,0x00000007c0000000)
  to   space 50688K, 0% used [0x00000007b9a80000,0x00000007b9a80000,0x00000007bcc00000)
 ParOldGen       total 141824K, used 120641K [0x0000000780000000, 0x0000000788a80000, 0x00000007aab00000)
  object space 141824K, 85% used [0x0000000780000000,0x00000007875d0730,0x0000000788a80000)
 Metaspace       used 106847K, capacity 114766K, committed 114904K, reserved 1146880K
  class space    used 15515K, capacity 18097K, committed 18136K, reserved 1048576K
Event: 1022.219 GC heap after
Heap after GC invocations=29 (full 8):
 PSYoungGen      total 295936K, used 35021K [0x00000007aab00000, 0x00000007c0000000, 0x00000007c0000000)
  eden space 245248K, 0% used [0x00000007aab00000,0x00000007aab00000,0x00000007b9a80000)
  from space 50688K, 69% used [0x00000007b9a80000,0x00000007bbcb3490,0x00000007bcc00000)
  to   space 52736K, 0% used [0x00000007bcc80000,0x00000007bcc80000,0x00000007c0000000)
 ParOldGen       total 141824K, used 120649K [0x0000000780000000, 0x0000000788a80000, 0x00000007aab00000)
  object space 141824K, 85% used [0x0000000780000000,0x00000007875d2730,0x0000000788a80000)
 Metaspace       used 106847K, capacity 114766K, committed 114904K, reserved 1146880K
  class space    used 15515K, capacity 18097K, committed 18136K, reserved 1048576K
}
Event: 1023.770 GC heap before
{Heap before GC invocations=30 (full 8):
 PSYoungGen      total 295936K, used 133679K [0x00000007aab00000, 0x00000007c0000000, 0x00000007c0000000)
  eden space 245248K, 40% used [0x00000007aab00000,0x00000007b0b58948,0x00000007b9a80000)
  from space 50688K, 69% used [0x00000007b9a80000,0x00000007bbcb3490,0x00000007bcc00000)
  to   space 52736K, 0% used [0x00000007bcc80000,0x00000007bcc80000,0x00000007c0000000)
 ParOldGen       total 141824K, used 120649K [0x0000000780000000, 0x0000000788a80000, 0x00000007aab00000)
  object space 141824K, 85% used [0x0000000780000000,0x00000007875d2730,0x0000000788a80000)
 Metaspace       used 109183K, capacity 117238K, committed 117464K, reserved 1148928K
  class space    used 15917K, capacity 18557K, committed 18648K, reserved 1048576K
Event: 1023.837 GC heap after
Heap after GC invocations=30 (full 8):
 PSYoungGen      total 295424K, used 32166K [0x00000007aab00000, 0x00000007c0000000, 0x00000007c0000000)
  eden space 242688K, 0% used [0x00000007aab00000,0x00000007aab00000,0x00000007b9800000)
  from space 52736K, 60% used [0x00000007bcc80000,0x00000007bebe9958,0x00000007c0000000)
  to   space 53248K, 0% used [0x00000007b9800000,0x00000007b9800000,0x00000007bcc00000)
 ParOldGen       total 141824K, used 120657K [0x0000000780000000, 0x0000000788a80000, 0x00000007aab00000)
  object space 141824K, 85% used [0x0000000780000000,0x00000007875d4730,0x0000000788a80000)
 Metaspace       used 109183K, capacity 117238K, committed 117464K, reserved 1148928K
  class space    used 15917K, capacity 18557K, committed 18648K, reserved 1048576K
}
Event: 1023.837 GC heap before
{Heap before GC invocations=31 (full 9):
 PSYoungGen      total 295424K, used 32166K [0x00000007aab00000, 0x00000007c0000000, 0x00000007c0000000)
  eden space 242688K, 0% used [0x00000007aab00000,0x00000007aab00000,0x00000007b9800000)
  from space 52736K, 60% used [0x00000007bcc80000,0x00000007bebe9958,0x00000007c0000000)
  to   space 53248K, 0% used [0x00000007b9800000,0x00000007b9800000,0x00000007bcc00000)
 ParOldGen       total 141824K, used 120657K [0x0000000780000000, 0x0000000788a80000, 0x00000007aab00000)
  object space 141824K, 85% used [0x0000000780000000,0x00000007875d4730,0x0000000788a80000)
 Metaspace       used 109183K, capacity 117238K, committed 117464K, reserved 1148928K
  class space    used 15917K, capacity 18557K, committed 18648K, reserved 1048576K
Event: 1025.233 GC heap after
Heap after GC invocations=31 (full 9):
 PSYoungGen      total 295424K, used 0K [0x00000007aab00000, 0x00000007c0000000, 0x00000007c0000000)
  eden space 242688K, 0% used [0x00000007aab00000,0x00000007aab00000,0x00000007b9800000)
  from space 52736K, 0% used [0x00000007bcc80000,0x00000007bcc80000,0x00000007c0000000)
  to   space 53248K, 0% used [0x00000007b9800000,0x00000007b9800000,0x00000007bcc00000)
 ParOldGen       total 141824K, used 135253K [0x0000000780000000, 0x0000000788a80000, 0x00000007aab00000)
  object space 141824K, 95% used [0x0000000780000000,0x00000007884156e8,0x0000000788a80000)
 Metaspace       used 108855K, capacity 116504K, committed 117464K, reserved 1148928K
  class space    used 15804K, capacity 18326K, committed 18648K, reserved 1048576K
}
Event: 1653.389 GC heap before
{Heap before GC invocations=32 (full 10):
 PSYoungGen      total 295424K, used 242688K [0x00000007aab00000, 0x00000007c0000000, 0x00000007c0000000)
  eden space 242688K, 100% used [0x00000007aab00000,0x00000007b9800000,0x00000007b9800000)
  from space 52736K, 0% used [0x00000007bcc80000,0x00000007bcc80000,0x00000007c0000000)
  to   space 53248K, 0% used [0x00000007b9800000,0x00000007b9800000,0x00000007bcc00000)
 ParOldGen       total 141824K, used 135253K [0x0000000780000000, 0x0000000788a80000, 0x00000007aab00000)
  object space 141824K, 95% used [0x0000000780000000,0x00000007884156e8,0x0000000788a80000)
 Metaspace       used 115593K, capacity 123924K, committed 124376K, reserved 1155072K
  class space    used 16818K, capacity 19574K, committed 19672K, reserved 1048576K

Deoptimization events (10 events):
Event: 588.440 Thread 0x00007fb2f714e800 Uncommon trap: reason=null_check action=make_not_entrant pc=0x000000011fed850c method=java.beans.PropertyDescriptor.isAssignable(Ljava/lang/reflect/Method;Ljava/lang/reflect/Method;)Z @ 72
Event: 796.619 Thread 0x00007fb2f6911800 Uncommon trap: reason=array_check action=maybe_recompile pc=0x000000011ff02e7c method=java.util.ComparableTimSort.binarySort([Ljava/lang/Object;III)V @ 183
Event: 796.621 Thread 0x00007fb2f6911800 Uncommon trap: reason=array_check action=maybe_recompile pc=0x000000011ff02d9c method=java.util.ComparableTimSort.binarySort([Ljava/lang/Object;III)V @ 193
Event: 796.621 Thread 0x00007fb2f6911800 Uncommon trap: reason=array_check action=maybe_recompile pc=0x000000011ff02d9c method=java.util.ComparableTimSort.binarySort([Ljava/lang/Object;III)V @ 193
Event: 796.625 Thread 0x00007fb2f6911800 Uncommon trap: reason=array_check action=maybe_recompile pc=0x000000011ff02e7c method=java.util.ComparableTimSort.binarySort([Ljava/lang/Object;III)V @ 183
Event: 796.632 Thread 0x00007fb2f6911800 Uncommon trap: reason=array_check action=maybe_recompile pc=0x0000000120011160 method=java.util.ComparableTimSort.binarySort([Ljava/lang/Object;III)V @ 215
Event: 798.519 Thread 0x00007fb2f6911800 Uncommon trap: reason=null_check action=make_not_entrant pc=0x000000012016b0a0 method=java.beans.Introspector.isAssignable(Ljava/lang/Class;Ljava/lang/Class;)Z @ 23
Event: 798.531 Thread 0x00007fb2f6911800 Uncommon trap: reason=null_check action=make_not_entrant pc=0x000000011fdb1ef0 method=java.beans.Introspector.isAssignable(Ljava/lang/Class;Ljava/lang/Class;)Z @ 23
Event: 1022.443 Thread 0x00007fb2f64c6000 Uncommon trap: reason=null_check action=make_not_entrant pc=0x0000000120374264 method=org.gradle.cache.internal.cacheops.CacheAccessOperationsStack.isInCacheAction()Z @ 12
Event: 1650.660 Thread 0x00007fb2f4fb8000 Uncommon trap: reason=unstable_if action=reinterpret pc=0x0000000120149e28 method=org.codehaus.groovy.util.ReferenceManager$1.removeStallEntries()V @ 11

Internal exceptions (10 events):
Event: 1653.270 Thread 0x00007fb2f4fb8000 Exception <a 'java/lang/ClassNotFoundException': com/android/build/gradle/tasks/ZipAlign_DecoratedBeanInfo> (0x00000007b8e42000) thrown at [/HUDSON3/workspace/8-2-build-macosx-x86_64/jdk8u73/6086/hotspot/src/share/vm/classfile/systemDictionary.cpp, line 2
Event: 1653.271 Thread 0x00007fb2f4fb8000 Exception <a 'java/lang/ClassNotFoundException': com/android/build/gradle/tasks/ZipAlignBeanInfo> (0x00000007b8e4f748) thrown at [/HUDSON3/workspace/8-2-build-macosx-x86_64/jdk8u73/6086/hotspot/src/share/vm/classfile/systemDictionary.cpp, line 210]
Event: 1653.271 Thread 0x00007fb2f4fb8000 Exception <a 'java/lang/ClassNotFoundException': com/android/build/gradle/tasks/ZipAlignCustomizer> (0x00000007b8e5d1e0) thrown at [/HUDSON3/workspace/8-2-build-macosx-x86_64/jdk8u73/6086/hotspot/src/share/vm/classfile/systemDictionary.cpp, line 210]
Event: 1653.272 Thread 0x00007fb2f4fb8000 Exception <a 'java/lang/ClassNotFoundException': com/android/build/gradle/tasks/ZipAlign_DecoratedCustomizer> (0x00000007b8e85188) thrown at [/HUDSON3/workspace/8-2-build-macosx-x86_64/jdk8u73/6086/hotspot/src/share/vm/classfile/systemDictionary.cpp, line
Event: 1653.303 Thread 0x00007fb2f4fb8000 Exception <a 'java/lang/ClassNotFoundException': com/android/build/gradle/internal/TaskManager$30BeanInfo> (0x00000007b9187430) thrown at [/HUDSON3/workspace/8-2-build-macosx-x86_64/jdk8u73/6086/hotspot/src/share/vm/classfile/systemDictionary.cpp, line 21
Event: 1653.304 Thread 0x00007fb2f4fb8000 Exception <a 'java/lang/ClassNotFoundException': com/android/build/gradle/internal/TaskManager$30Customizer> (0x00000007b9195c48) thrown at [/HUDSON3/workspace/8-2-build-macosx-x86_64/jdk8u73/6086/hotspot/src/share/vm/classfile/systemDictionary.cpp, line 
Event: 1653.387 Thread 0x00007fb2f4fb8000 Exception <a 'java/lang/ClassNotFoundException': com/android/build/gradle/internal/tasks/MergeFileTask_DecoratedBeanInfo> (0x00000007b97a2fd0) thrown at [/HUDSON3/workspace/8-2-build-macosx-x86_64/jdk8u73/6086/hotspot/src/share/vm/classfile/systemDictiona
Event: 1653.387 Thread 0x00007fb2f4fb8000 Exception <a 'java/lang/ClassNotFoundException': com/android/build/gradle/internal/tasks/MergeFileTaskBeanInfo> (0x00000007b97b2de0) thrown at [/HUDSON3/workspace/8-2-build-macosx-x86_64/jdk8u73/6086/hotspot/src/share/vm/classfile/systemDictionary.cpp, li
Event: 1653.388 Thread 0x00007fb2f4fb8000 Exception <a 'java/lang/ClassNotFoundException': com/android/build/gradle/internal/tasks/MergeFileTaskCustomizer> (0x00000007b97c2f50) thrown at [/HUDSON3/workspace/8-2-build-macosx-x86_64/jdk8u73/6086/hotspot/src/share/vm/classfile/systemDictionary.cpp, 
Event: 1653.389 Thread 0x00007fb2f4fb8000 Exception <a 'java/lang/ClassNotFoundException': com/android/build/gradle/internal/tasks/MergeFileTask_DecoratedCustomizer> (0x00000007b97eabf0) thrown at [/HUDSON3/workspace/8-2-build-macosx-x86_64/jdk8u73/6086/hotspot/src/share/vm/classfile/systemDictio

Events (10 events):
Event: 1653.387 loading class com/android/build/gradle/internal/tasks/MergeFileTaskBeanInfo done
Event: 1653.388 loading class com/android/build/gradle/internal/tasks/MergeFileTaskCustomizer
Event: 1653.388 loading class com/android/build/gradle/internal/tasks/MergeFileTaskCustomizer done
Event: 1653.388 loading class com/android/build/gradle/internal/tasks/MergeFileTaskCustomizer
Event: 1653.388 loading class com/android/build/gradle/internal/tasks/MergeFileTaskCustomizer done
Event: 1653.389 loading class com/android/build/gradle/internal/tasks/MergeFileTask_DecoratedCustomizer
Event: 1653.389 loading class com/android/build/gradle/internal/tasks/MergeFileTask_DecoratedCustomizer done
Event: 1653.389 loading class com/android/build/gradle/internal/tasks/MergeFileTask_DecoratedCustomizer
Event: 1653.389 loading class com/android/build/gradle/internal/tasks/MergeFileTask_DecoratedCustomizer done
Event: 1653.389 Executing VM operation: ParallelGCFailedAllocation


Dynamic libraries:
0x0000000006af6000 	/System/Library/Frameworks/Cocoa.framework/Versions/A/Cocoa
0x0000000006af6000 	/System/Library/Frameworks/Security.framework/Versions/A/Security
0x0000000006af6000 	/System/Library/Frameworks/ApplicationServices.framework/Versions/A/ApplicationServices
0x0000000006af6000 	/usr/lib/libz.1.dylib
0x0000000006af6000 	/usr/lib/libSystem.B.dylib
0x0000000006af6000 	/usr/lib/libobjc.A.dylib
0x0000000006af6000 	/System/Library/Frameworks/CoreFoundation.framework/Versions/A/CoreFoundation
0x0000000006af6000 	/System/Library/Frameworks/Foundation.framework/Versions/C/Foundation
0x0000000006af6000 	/System/Library/Frameworks/AppKit.framework/Versions/C/AppKit
0x0000000006af6000 	/System/Library/Frameworks/CoreData.framework/Versions/A/CoreData
0x0000000006af6000 	/System/Library/PrivateFrameworks/RemoteViewServices.framework/Versions/A/RemoteViewServices
0x0000000006af6000 	/System/Library/PrivateFrameworks/UIFoundation.framework/Versions/A/UIFoundation
0x0000000006af6000 	/System/Library/PrivateFrameworks/DFRFoundation.framework/Versions/A/DFRFoundation
0x0000000006af6000 	/usr/lib/libenergytrace.dylib
0x0000000006af6000 	/System/Library/PrivateFrameworks/SkyLight.framework/Versions/A/SkyLight
0x0000000006af6000 	/System/Library/Frameworks/CoreGraphics.framework/Versions/A/CoreGraphics
0x0000000006af6000 	/usr/lib/libScreenReader.dylib
0x0000000006af6000 	/System/Library/Frameworks/Accelerate.framework/Versions/A/Accelerate
0x0000000006af6000 	/System/Library/Frameworks/IOSurface.framework/Versions/A/IOSurface
0x0000000006af6000 	/System/Library/Frameworks/AudioToolbox.framework/Versions/A/AudioToolbox
0x0000000006af6000 	/System/Library/Frameworks/AudioUnit.framework/Versions/A/AudioUnit
0x0000000006af6000 	/System/Library/PrivateFrameworks/DataDetectorsCore.framework/Versions/A/DataDetectorsCore
0x0000000006af6000 	/System/Library/PrivateFrameworks/DesktopServicesPriv.framework/Versions/A/DesktopServicesPriv
0x0000000006af6000 	/System/Library/Frameworks/Carbon.framework/Versions/A/Frameworks/HIToolbox.framework/Versions/A/HIToolbox
0x0000000006af6000 	/usr/lib/libicucore.A.dylib
0x0000000006af6000 	/System/Library/Frameworks/QuartzCore.framework/Versions/A/QuartzCore
0x0000000006af6000 	/System/Library/Frameworks/Carbon.framework/Versions/A/Frameworks/SpeechRecognition.framework/Versions/A/SpeechRecognition
0x0000000006af6000 	/usr/lib/libauto.dylib
0x0000000006af6000 	/usr/lib/libxml2.2.dylib
0x0000000006af6000 	/System/Library/PrivateFrameworks/CoreUI.framework/Versions/A/CoreUI
0x0000000006af6000 	/System/Library/Frameworks/CoreAudio.framework/Versions/A/CoreAudio
0x0000000006af6000 	/System/Library/Frameworks/DiskArbitration.framework/Versions/A/DiskArbitration
0x0000000006af6000 	/usr/lib/liblangid.dylib
0x0000000006af6000 	/System/Library/PrivateFrameworks/MultitouchSupport.framework/Versions/A/MultitouchSupport
0x0000000006af6000 	/System/Library/Frameworks/IOKit.framework/Versions/A/IOKit
0x0000000006af6000 	/usr/lib/libDiagnosticMessagesClient.dylib
0x0000000006af6000 	/System/Library/Frameworks/CoreServices.framework/Versions/A/CoreServices
0x0000000006af6000 	/System/Library/PrivateFrameworks/PerformanceAnalysis.framework/Versions/A/PerformanceAnalysis
0x0000000006af6000 	/System/Library/PrivateFrameworks/GenerationalStorage.framework/Versions/A/GenerationalStorage
0x0000000006af6000 	/System/Library/Frameworks/OpenGL.framework/Versions/A/OpenGL
0x0000000006af6000 	/System/Library/Frameworks/CoreImage.framework/Versions/A/CoreImage
0x0000000006af6000 	/System/Library/Frameworks/CoreText.framework/Versions/A/CoreText
0x0000000006af6000 	/System/Library/Frameworks/ImageIO.framework/Versions/A/ImageIO
0x0000000006af6000 	/System/Library/PrivateFrameworks/Backup.framework/Versions/A/Backup
0x0000000006af6000 	/usr/lib/libarchive.2.dylib
0x0000000006af6000 	/System/Library/Frameworks/CFNetwork.framework/Versions/A/CFNetwork
0x0000000006af6000 	/System/Library/Frameworks/SystemConfiguration.framework/Versions/A/SystemConfiguration
0x0000000006af6000 	/usr/lib/libCRFSuite.dylib
0x0000000006af6000 	/usr/lib/libc++.1.dylib
0x0000000006af6000 	/usr/lib/libc++abi.dylib
0x0000000006af6000 	/usr/lib/system/libcache.dylib
0x0000000006af6000 	/usr/lib/system/libcommonCrypto.dylib
0x0000000006af6000 	/usr/lib/system/libcompiler_rt.dylib
0x0000000006af6000 	/usr/lib/system/libcopyfile.dylib
0x0000000006af6000 	/usr/lib/system/libcorecrypto.dylib
0x0000000006af6000 	/usr/lib/system/libdispatch.dylib
0x0000000006af6000 	/usr/lib/system/libdyld.dylib
0x0000000006af6000 	/usr/lib/system/libkeymgr.dylib
0x0000000006af6000 	/usr/lib/system/liblaunch.dylib
0x0000000006af6000 	/usr/lib/system/libmacho.dylib
0x0000000006af6000 	/usr/lib/system/libquarantine.dylib
0x0000000006af6000 	/usr/lib/system/libremovefile.dylib
0x0000000006af6000 	/usr/lib/system/libsystem_asl.dylib
0x0000000006af6000 	/usr/lib/system/libsystem_blocks.dylib
0x0000000006af6000 	/usr/lib/system/libsystem_c.dylib
0x0000000006af6000 	/usr/lib/system/libsystem_configuration.dylib
0x0000000006af6000 	/usr/lib/system/libsystem_coreservices.dylib
0x0000000006af6000 	/usr/lib/system/libsystem_coretls.dylib
0x0000000006af6000 	/usr/lib/system/libsystem_dnssd.dylib
0x0000000006af6000 	/usr/lib/system/libsystem_info.dylib
0x0000000006af6000 	/usr/lib/system/libsystem_kernel.dylib
0x0000000006af6000 	/usr/lib/system/libsystem_m.dylib
0x0000000006af6000 	/usr/lib/system/libsystem_malloc.dylib
0x0000000006af6000 	/usr/lib/system/libsystem_network.dylib
0x0000000006af6000 	/usr/lib/system/libsystem_networkextension.dylib
0x0000000006af6000 	/usr/lib/system/libsystem_notify.dylib
0x0000000006af6000 	/usr/lib/system/libsystem_platform.dylib
0x0000000006af6000 	/usr/lib/system/libsystem_pthread.dylib
0x0000000006af6000 	/usr/lib/system/libsystem_sandbox.dylib
0x0000000006af6000 	/usr/lib/system/libsystem_secinit.dylib
0x0000000006af6000 	/usr/lib/system/libsystem_symptoms.dylib
0x0000000006af6000 	/usr/lib/system/libsystem_trace.dylib
0x0000000006af6000 	/usr/lib/system/libunwind.dylib
0x0000000006af6000 	/usr/lib/system/libxpc.dylib
0x0000000006af6000 	/usr/lib/libbsm.0.dylib
0x0000000006af6000 	/usr/lib/system/libkxld.dylib
0x0000000006af6000 	/usr/lib/libcoretls.dylib
0x0000000006af6000 	/usr/lib/libcoretls_cfhelpers.dylib
0x0000000006af6000 	/usr/lib/libxar.1.dylib
0x0000000006af6000 	/usr/lib/libsqlite3.dylib
0x0000000006af6000 	/usr/lib/libpam.2.dylib
0x0000000006af6000 	/usr/lib/libOpenScriptingUtil.dylib
0x0000000006af6000 	/usr/lib/libbz2.1.0.dylib
0x0000000006af6000 	/usr/lib/liblzma.5.dylib
0x0000000006af6000 	/usr/lib/libnetwork.dylib
0x0000000006af6000 	/usr/lib/libpcap.A.dylib
0x0000000006af6000 	/System/Library/Frameworks/CoreServices.framework/Versions/A/Frameworks/FSEvents.framework/Versions/A/FSEvents
0x0000000006af6000 	/System/Library/Frameworks/CoreServices.framework/Versions/A/Frameworks/CarbonCore.framework/Versions/A/CarbonCore
0x0000000006af6000 	/System/Library/Frameworks/CoreServices.framework/Versions/A/Frameworks/Metadata.framework/Versions/A/Metadata
0x0000000006af6000 	/System/Library/Frameworks/CoreServices.framework/Versions/A/Frameworks/OSServices.framework/Versions/A/OSServices
0x0000000006af6000 	/System/Library/Frameworks/CoreServices.framework/Versions/A/Frameworks/SearchKit.framework/Versions/A/SearchKit
0x0000000006af6000 	/System/Library/Frameworks/CoreServices.framework/Versions/A/Frameworks/AE.framework/Versions/A/AE
0x0000000006af6000 	/System/Library/Frameworks/CoreServices.framework/Versions/A/Frameworks/LaunchServices.framework/Versions/A/LaunchServices
0x0000000006af6000 	/System/Library/Frameworks/CoreServices.framework/Versions/A/Frameworks/DictionaryServices.framework/Versions/A/DictionaryServices
0x0000000006af6000 	/System/Library/Frameworks/CoreServices.framework/Versions/A/Frameworks/SharedFileList.framework/Versions/A/SharedFileList
0x0000000006af6000 	/System/Library/Frameworks/NetFS.framework/Versions/A/NetFS
0x0000000006af6000 	/System/Library/PrivateFrameworks/NetAuth.framework/Versions/A/NetAuth
0x0000000006af6000 	/System/Library/PrivateFrameworks/login.framework/Versions/A/Frameworks/loginsupport.framework/Versions/A/loginsupport
0x0000000006af6000 	/System/Library/PrivateFrameworks/TCC.framework/Versions/A/TCC
0x0000000006af6000 	/usr/lib/libmecabra.dylib
0x0000000006af6000 	/System/Library/Frameworks/ApplicationServices.framework/Versions/A/Frameworks/ATS.framework/Versions/A/ATS
0x0000000006af6000 	/System/Library/Frameworks/ApplicationServices.framework/Versions/A/Frameworks/ColorSync.framework/Versions/A/ColorSync
0x0000000006af6000 	/System/Library/Frameworks/ApplicationServices.framework/Versions/A/Frameworks/HIServices.framework/Versions/A/HIServices
0x0000000006af6000 	/System/Library/Frameworks/ApplicationServices.framework/Versions/A/Frameworks/LangAnalysis.framework/Versions/A/LangAnalysis
0x0000000006af6000 	/System/Library/Frameworks/ApplicationServices.framework/Versions/A/Frameworks/PrintCore.framework/Versions/A/PrintCore
0x0000000006af6000 	/System/Library/Frameworks/ApplicationServices.framework/Versions/A/Frameworks/QD.framework/Versions/A/QD
0x0000000006af6000 	/System/Library/Frameworks/ApplicationServices.framework/Versions/A/Frameworks/SpeechSynthesis.framework/Versions/A/SpeechSynthesis
0x0000000006af6000 	/System/Library/Frameworks/Accelerate.framework/Versions/A/Frameworks/vImage.framework/Versions/A/vImage
0x0000000006af6000 	/System/Library/Frameworks/Accelerate.framework/Versions/A/Frameworks/vecLib.framework/Versions/A/vecLib
0x0000000006af6000 	/System/Library/Frameworks/Accelerate.framework/Versions/A/Frameworks/vecLib.framework/Versions/A/libvDSP.dylib
0x0000000006af6000 	/System/Library/Frameworks/Accelerate.framework/Versions/A/Frameworks/vecLib.framework/Versions/A/libBNNS.dylib
0x0000000006af6000 	/System/Library/Frameworks/Accelerate.framework/Versions/A/Frameworks/vecLib.framework/Versions/A/libQuadrature.dylib
0x0000000006af6000 	/System/Library/Frameworks/Accelerate.framework/Versions/A/Frameworks/vecLib.framework/Versions/A/libvMisc.dylib
0x0000000006af6000 	/System/Library/Frameworks/Accelerate.framework/Versions/A/Frameworks/vecLib.framework/Versions/A/libLAPACK.dylib
0x0000000006af6000 	/System/Library/Frameworks/Accelerate.framework/Versions/A/Frameworks/vecLib.framework/Versions/A/libBLAS.dylib
0x0000000006af6000 	/System/Library/Frameworks/Accelerate.framework/Versions/A/Frameworks/vecLib.framework/Versions/A/libLinearAlgebra.dylib
0x0000000006af6000 	/System/Library/Frameworks/Accelerate.framework/Versions/A/Frameworks/vecLib.framework/Versions/A/libSparseBLAS.dylib
0x0000000006af6000 	/System/Library/Frameworks/ApplicationServices.framework/Versions/A/Frameworks/ATS.framework/Versions/A/Resources/libFontParser.dylib
0x0000000006af6000 	/System/Library/Frameworks/ApplicationServices.framework/Versions/A/Frameworks/ATS.framework/Versions/A/Resources/libFontRegistry.dylib
0x0000000006af6000 	/System/Library/Frameworks/ImageIO.framework/Versions/A/Resources/libJPEG.dylib
0x0000000006af6000 	/System/Library/Frameworks/ImageIO.framework/Versions/A/Resources/libTIFF.dylib
0x0000000006af6000 	/System/Library/Frameworks/ImageIO.framework/Versions/A/Resources/libPng.dylib
0x0000000006af6000 	/System/Library/Frameworks/ImageIO.framework/Versions/A/Resources/libGIF.dylib
0x0000000006af6000 	/System/Library/Frameworks/ImageIO.framework/Versions/A/Resources/libJP2.dylib
0x0000000006af6000 	/System/Library/Frameworks/ImageIO.framework/Versions/A/Resources/libRadiance.dylib
0x0000000006af6000 	/usr/lib/libcompression.dylib
0x0000000006af6000 	/System/Library/PrivateFrameworks/AppleJPEG.framework/Versions/A/AppleJPEG
0x0000000006af6000 	/usr/lib/libcups.2.dylib
0x0000000006af6000 	/System/Library/Frameworks/Kerberos.framework/Versions/A/Kerberos
0x0000000006af6000 	/System/Library/Frameworks/GSS.framework/Versions/A/GSS
0x0000000006af6000 	/usr/lib/libresolv.9.dylib
0x0000000006af6000 	/usr/lib/libiconv.2.dylib
0x0000000006af6000 	/System/Library/PrivateFrameworks/Heimdal.framework/Versions/A/Heimdal
0x0000000006af6000 	/usr/lib/libheimdal-asn1.dylib
0x0000000006af6000 	/System/Library/Frameworks/OpenDirectory.framework/Versions/A/OpenDirectory
0x0000000006af6000 	/System/Library/PrivateFrameworks/CommonAuth.framework/Versions/A/CommonAuth
0x0000000006af6000 	/System/Library/Frameworks/OpenDirectory.framework/Versions/A/Frameworks/CFOpenDirectory.framework/Versions/A/CFOpenDirectory
0x0000000006af6000 	/System/Library/Frameworks/SecurityFoundation.framework/Versions/A/SecurityFoundation
0x0000000006af6000 	/System/Library/PrivateFrameworks/LanguageModeling.framework/Versions/A/LanguageModeling
0x0000000006af6000 	/usr/lib/libmarisa.dylib
0x0000000006af6000 	/usr/lib/libChineseTokenizer.dylib
0x0000000006af6000 	/usr/lib/libcmph.dylib
0x0000000006af6000 	/System/Library/PrivateFrameworks/CoreEmoji.framework/Versions/A/CoreEmoji
0x0000000006af6000 	/System/Library/Frameworks/ServiceManagement.framework/Versions/A/ServiceManagement
0x0000000006af6000 	/usr/lib/libxslt.1.dylib
0x0000000006af6000 	/System/Library/Frameworks/Carbon.framework/Versions/A/Frameworks/Ink.framework/Versions/A/Ink
0x0000000006af6000 	/System/Library/PrivateFrameworks/TextureIO.framework/Versions/A/TextureIO
0x0000000006af6000 	/System/Library/Frameworks/Metal.framework/Versions/A/Metal
0x0000000006af6000 	/usr/lib/libate.dylib
0x0000000006af6000 	/System/Library/PrivateFrameworks/GPUCompiler.framework/libmetal_timestamp.dylib
0x0000000006af6000 	/System/Library/Frameworks/OpenGL.framework/Versions/A/Libraries/libCoreFSCache.dylib
0x0000000006af6000 	/System/Library/PrivateFrameworks/IOAccelerator.framework/Versions/A/IOAccelerator
0x0000000006af6000 	/System/Library/Frameworks/CoreVideo.framework/Versions/A/CoreVideo
0x0000000006af6000 	/usr/lib/libFosl_dynamic.dylib
0x0000000006af6000 	/System/Library/PrivateFrameworks/MetalPerformanceShaders.framework/Versions/A/MetalPerformanceShaders
0x0000000006af6000 	/System/Library/PrivateFrameworks/FaceCore.framework/Versions/A/FaceCore
0x0000000006af6000 	/System/Library/Frameworks/OpenCL.framework/Versions/A/OpenCL
0x0000000006af6000 	/System/Library/Frameworks/OpenGL.framework/Versions/A/Libraries/libGLU.dylib
0x0000000006af6000 	/System/Library/Frameworks/OpenGL.framework/Versions/A/Libraries/libGFXShared.dylib
0x0000000006af6000 	/System/Library/Frameworks/OpenGL.framework/Versions/A/Libraries/libGL.dylib
0x0000000006af6000 	/System/Library/Frameworks/OpenGL.framework/Versions/A/Libraries/libGLImage.dylib
0x0000000006af6000 	/System/Library/Frameworks/OpenGL.framework/Versions/A/Libraries/libCVMSPluginSupport.dylib
0x0000000006af6000 	/System/Library/Frameworks/OpenGL.framework/Versions/A/Libraries/libCoreVMClient.dylib
0x0000000006af6000 	/System/Library/PrivateFrameworks/CrashReporterSupport.framework/Versions/A/CrashReporterSupport
0x0000000006af6000 	/System/Library/PrivateFrameworks/Sharing.framework/Versions/A/Sharing
0x0000000006af6000 	/System/Library/PrivateFrameworks/IconServices.framework/Versions/A/IconServices
0x0000000006af6000 	/System/Library/PrivateFrameworks/ProtocolBuffer.framework/Versions/A/ProtocolBuffer
0x0000000006af6000 	/System/Library/PrivateFrameworks/Apple80211.framework/Versions/A/Apple80211
0x0000000006af6000 	/System/Library/Frameworks/CoreWLAN.framework/Versions/A/CoreWLAN
0x0000000006af6000 	/System/Library/PrivateFrameworks/CoreUtils.framework/Versions/A/CoreUtils
0x0000000006af6000 	/System/Library/Frameworks/IOBluetooth.framework/Versions/A/IOBluetooth
0x0000000006af6000 	/System/Library/PrivateFrameworks/CoreWiFi.framework/Versions/A/CoreWiFi
0x0000000006af6000 	/System/Library/Frameworks/CoreBluetooth.framework/Versions/A/CoreBluetooth
0x0000000006af6000 	/System/Library/Frameworks/CoreDisplay.framework/Versions/A/CoreDisplay
0x0000000006af6000 	/System/Library/PrivateFrameworks/IOPresentment.framework/Versions/A/IOPresentment
0x0000000006af6000 	/System/Library/PrivateFrameworks/DebugSymbols.framework/Versions/A/DebugSymbols
0x0000000006af6000 	/System/Library/PrivateFrameworks/CoreSymbolication.framework/Versions/A/CoreSymbolication
0x0000000006af6000 	/System/Library/PrivateFrameworks/Symbolication.framework/Versions/A/Symbolication
0x0000000006af6000 	/System/Library/PrivateFrameworks/AppleFSCompression.framework/Versions/A/AppleFSCompression
0x0000000006af6000 	/System/Library/PrivateFrameworks/SpeechRecognitionCore.framework/Versions/A/SpeechRecognitionCore
0x0000000006af6000 	/System/Library/PrivateFrameworks/ChunkingLibrary.framework/Versions/A/ChunkingLibrary
0x000000010fe00000 	/Library/Java/JavaVirtualMachines/jdk1.8.0_73.jdk/Contents/Home/jre/lib/server/libjvm.dylib
0x0000000006af6000 	/usr/lib/libstdc++.6.dylib
0x000000010f403000 	/Library/Java/JavaVirtualMachines/jdk1.8.0_73.jdk/Contents/Home/jre/lib/libverify.dylib
0x000000010f411000 	/Library/Java/JavaVirtualMachines/jdk1.8.0_73.jdk/Contents/Home/jre/lib/libjava.dylib
0x000000010f450000 	/Library/Java/JavaVirtualMachines/jdk1.8.0_73.jdk/Contents/Home/jre/lib/libzip.dylib
0x0000000114ff4000 	/System/Library/Frameworks/JavaVM.framework/Frameworks/JavaRuntimeSupport.framework/JavaRuntimeSupport
0x000000011500e000 	/System/Library/Frameworks/JavaVM.framework/Versions/A/Frameworks/JavaNativeFoundation.framework/Versions/A/JavaNativeFoundation
0x000000010f5ec000 	/System/Library/Frameworks/JavaVM.framework/Versions/A/JavaVM
0x0000000006af6000 	/System/Library/Frameworks/Carbon.framework/Versions/A/Carbon
0x0000000115023000 	/System/Library/PrivateFrameworks/JavaLaunching.framework/Versions/A/JavaLaunching
0x0000000006af6000 	/System/Library/Frameworks/Carbon.framework/Versions/A/Frameworks/CommonPanels.framework/Versions/A/CommonPanels
0x0000000006af6000 	/System/Library/Frameworks/Carbon.framework/Versions/A/Frameworks/Help.framework/Versions/A/Help
0x0000000006af6000 	/System/Library/Frameworks/Carbon.framework/Versions/A/Frameworks/ImageCapture.framework/Versions/A/ImageCapture
0x0000000006af6000 	/System/Library/Frameworks/Carbon.framework/Versions/A/Frameworks/OpenScripting.framework/Versions/A/OpenScripting
0x0000000006af6000 	/System/Library/Frameworks/Carbon.framework/Versions/A/Frameworks/Print.framework/Versions/A/Print
0x0000000006af6000 	/System/Library/Frameworks/Carbon.framework/Versions/A/Frameworks/SecurityHI.framework/Versions/A/SecurityHI
0x00000001170eb000 	/private/var/folders/lz/j4sd0tp14gz8trkpf9w0ddc00000gn/T/native-platform2608512908388626735dir/libnative-platform.dylib
0x00000001170f0000 	/Library/Java/JavaVirtualMachines/jdk1.8.0_73.jdk/Contents/Home/jre/lib/libnet.dylib
0x0000000117107000 	/Library/Java/JavaVirtualMachines/jdk1.8.0_73.jdk/Contents/Home/jre/lib/libnio.dylib
0x0000000116cba000 	/Library/Java/JavaVirtualMachines/jdk1.8.0_73.jdk/Contents/Home/jre/lib/libmanagement.dylib

VM Arguments:
jvm_args: -XX:MaxPermSize=256m -XX:+HeapDumpOnOutOfMemoryError -Xmx1024m -Dfile.encoding=UTF-8 -Duser.country=US -Duser.language=en -Duser.variant 
java_command: org.gradle.launcher.daemon.bootstrap.GradleDaemon 2.2.1 /Users/batmaster/.gradle/daemon 10800000 78f3cc17-1d6d-434e-b099-58ba97400b1b -XX:MaxPermSize=256m -XX:+HeapDumpOnOutOfMemoryError -Xmx1024m -Dfile.encoding=UTF-8 -Duser.country=US -Duser.language=en -Duser.variant
java_class_path (initial): /Users/batmaster/.gradle/wrapper/dists/gradle-2.2.1-all/5qsup9soslr7wk0t6dtlfiiz/gradle-2.2.1/lib/gradle-launcher-2.2.1.jar
Launcher Type: SUN_STANDARD

Environment Variables:
PATH=/usr/bin:/bin:/usr/sbin:/sbin
SHELL=/bin/bash
DISPLAY=/private/tmp/com.apple.launchd.Pxo92BVlh8/org.macosforge.xquartz:0

Signal Handlers:
SIGSEGV: [libjvm.dylib+0x5a71a5], sa_mask[0]=11111111011111110111111111111111, sa_flags=SA_ONSTACK|SA_RESTART|SA_SIGINFO
SIGBUS: [libjvm.dylib+0x5a71a5], sa_mask[0]=11111111011111110111111111111111, sa_flags=SA_RESTART|SA_SIGINFO
SIGFPE: [libjvm.dylib+0x480eb4], sa_mask[0]=11111111011111110111111111111111, sa_flags=SA_RESTART|SA_SIGINFO
SIGPIPE: [libjvm.dylib+0x480eb4], sa_mask[0]=11111111011111110111111111111111, sa_flags=SA_RESTART|SA_SIGINFO
SIGXFSZ: [libjvm.dylib+0x480eb4], sa_mask[0]=11111111011111110111111111111111, sa_flags=SA_RESTART|SA_SIGINFO
SIGILL: [libjvm.dylib+0x480eb4], sa_mask[0]=11111111011111110111111111111111, sa_flags=SA_RESTART|SA_SIGINFO
SIGUSR1: SIG_DFL, sa_mask[0]=00000000000000000000000000000000, sa_flags=none
SIGUSR2: [libjvm.dylib+0x4809d2], sa_mask[0]=00100000000000000000000000000000, sa_flags=SA_RESTART|SA_SIGINFO
SIGHUP: [libjvm.dylib+0x47efa9], sa_mask[0]=11111111011111110111111111111111, sa_flags=SA_RESTART|SA_SIGINFO
SIGINT: [libjvm.dylib+0x47efa9], sa_mask[0]=11111111011111110111111111111111, sa_flags=SA_RESTART|SA_SIGINFO
SIGTERM: [libjvm.dylib+0x47efa9], sa_mask[0]=11111111011111110111111111111111, sa_flags=SA_RESTART|SA_SIGINFO
SIGQUIT: [libjvm.dylib+0x47efa9], sa_mask[0]=11111111011111110111111111111111, sa_flags=SA_RESTART|SA_SIGINFO


---------------  S Y S T E M  ---------------

OS:Bsduname:Darwin 16.3.0 Darwin Kernel Version 16.3.0: Thu Nov 17 20:23:58 PST 2016; root:xnu-3789.31.2~1/RELEASE_X86_64 x86_64
rlimit: STACK 8192k, CORE 0k, NPROC 709, NOFILE 10240, AS infinity
load average:2.32 2.24 2.16

CPU:total 4 (2 cores per cpu, 2 threads per core) family 6 model 69 stepping 1, cmov, cx8, fxsr, mmx, sse, sse2, sse3, ssse3, sse4.1, sse4.2, popcnt, avx, avx2, aes, clmul, erms, lzcnt, ht, tsc, tscinvbit, bmi1, bmi2

Memory: 4k page, physical 4194304k(18920k free)

/proc/meminfo:


vm_info: Java HotSpot(TM) 64-Bit Server VM (25.73-b02) for bsd-amd64 JRE (1.8.0_73-b02), built on Jan 29 2016 15:02:00 by "java_re" with gcc 4.2.1 (Based on Apple Inc. build 5658) (LLVM build 2336.11.00)

time: Fri Feb 17 16:31:57 2017
elapsed time: 1653 seconds (0d 0h 27m 33s)

