0 info it worked if it ends with ok
1 verbose cli [ '/usr/local/bin/node',
1 verbose cli   '/usr/local/bin/npm',
1 verbose cli   'install',
1 verbose cli   '-g',
1 verbose cli   'cordova' ]
2 info using npm@2.14.12
3 info using node@v4.3.1
4 verbose install initial load of /usr/local/lib/package.json
5 verbose readDependencies loading dependencies from /usr/local/lib/package.json
6 silly cache add args [ 'cordova', null ]
7 verbose cache add spec cordova
8 silly cache add parsed spec Result {
8 silly cache add   raw: 'cordova',
8 silly cache add   scope: null,
8 silly cache add   name: 'cordova',
8 silly cache add   rawSpec: '',
8 silly cache add   spec: 'latest',
8 silly cache add   type: 'tag' }
9 silly addNamed cordova@latest
10 verbose addNamed "latest" is being treated as a dist-tag for cordova
11 info addNameTag [ 'cordova', 'latest' ]
12 silly mapToRegistry name cordova
13 silly mapToRegistry using default registry
14 silly mapToRegistry registry https://registry.npmjs.org/
15 silly mapToRegistry uri https://registry.npmjs.org/cordova
16 verbose addNameTag registry:https://registry.npmjs.org/cordova not in flight; fetching
17 verbose request uri https://registry.npmjs.org/cordova
18 verbose request no auth needed
19 info attempt registry request try #1 at 6:55:39 PM
20 verbose request id 9cdb2c99264b6f37
21 verbose etag W/"58bf71ac-116f80"
22 verbose lastModified Wed, 08 Mar 2017 02:51:24 GMT
23 http request GET https://registry.npmjs.org/cordova
24 http 304 https://registry.npmjs.org/cordova
25 verbose headers { date: 'Wed, 08 Mar 2017 11:55:37 GMT',
25 verbose headers   via: '1.1 varnish',
25 verbose headers   'cache-control': 'max-age=300',
25 verbose headers   etag: 'W/"58bf71ac-116f80"',
25 verbose headers   age: '216',
25 verbose headers   connection: 'keep-alive',
25 verbose headers   'x-served-by': 'cache-sin6925-SIN',
25 verbose headers   'x-cache': 'HIT',
25 verbose headers   'x-cache-hits': '2',
25 verbose headers   'x-timer': 'S1488974137.542747,VS0,VE0',
25 verbose headers   vary: 'Accept-Encoding' }
26 silly get cb [ 304,
26 silly get   { date: 'Wed, 08 Mar 2017 11:55:37 GMT',
26 silly get     via: '1.1 varnish',
26 silly get     'cache-control': 'max-age=300',
26 silly get     etag: 'W/"58bf71ac-116f80"',
26 silly get     age: '216',
26 silly get     connection: 'keep-alive',
26 silly get     'x-served-by': 'cache-sin6925-SIN',
26 silly get     'x-cache': 'HIT',
26 silly get     'x-cache-hits': '2',
26 silly get     'x-timer': 'S1488974137.542747,VS0,VE0',
26 silly get     vary: 'Accept-Encoding' } ]
27 verbose etag https://registry.npmjs.org/cordova from cache
28 verbose get saving cordova to /Users/batmaster/.npm/registry.npmjs.org/cordova/.cache.json
29 silly addNameTag next cb for cordova with tag latest
30 silly addNamed cordova@6.5.0
31 verbose addNamed "6.5.0" is a plain semver version for cordova
32 silly cache afterAdd cordova@6.5.0
33 verbose afterAdd /Users/batmaster/.npm/cordova/6.5.0/package/package.json not in flight; writing
34 verbose afterAdd /Users/batmaster/.npm/cordova/6.5.0/package/package.json written
35 silly install resolved [ { name: 'cordova',
35 silly install resolved     version: '6.5.0',
35 silly install resolved     preferGlobal: 'true',
35 silly install resolved     description: 'Cordova command line interface tool',
35 silly install resolved     main: 'cordova',
35 silly install resolved     engines: { node: '>=4.0.0' },
35 silly install resolved     bin: { cordova: './bin/cordova' },
35 silly install resolved     scripts:
35 silly install resolved      { test: 'npm run jshint && npm run jasmine',
35 silly install resolved        jshint: 'jshint spec && jshint src',
35 silly install resolved        cover: 'istanbul cover --root src --print detail jasmine',
35 silly install resolved        jasmine: 'jasmine --captureExceptions --color' },
35 silly install resolved     repository:
35 silly install resolved      { type: 'git',
35 silly install resolved        url: 'https://git-wip-us.apache.org/repos/asf/cordova-cli.git' },
35 silly install resolved     bugs:
35 silly install resolved      { url: 'https://issues.apache.org/jira/browse/CB',
35 silly install resolved        email: 'dev@cordova.apache.org' },
35 silly install resolved     keywords: [ 'cordova', 'client', 'cli' ],
35 silly install resolved     dependencies:
35 silly install resolved      { 'cordova-common': '2.0.0',
35 silly install resolved        'cordova-lib': '6.5.0',
35 silly install resolved        insight: '~0.8.2',
35 silly install resolved        nopt: '3.0.1',
35 silly install resolved        q: '1.0.1',
35 silly install resolved        underscore: '1.7.0',
35 silly install resolved        'update-notifier': '^0.5.0' },
35 silly install resolved     devDependencies: { jasmine: '^2.5.2', istanbul: '^0.4.5', jshint: '^2.9.4' },
35 silly install resolved     author: { name: 'Anis Kadri' },
35 silly install resolved     contributors:
35 silly install resolved      [ [Object],
35 silly install resolved        [Object],
35 silly install resolved        [Object],
35 silly install resolved        [Object],
35 silly install resolved        [Object],
35 silly install resolved        [Object],
35 silly install resolved        [Object],
35 silly install resolved        [Object],
35 silly install resolved        [Object],
35 silly install resolved        [Object],
35 silly install resolved        [Object],
35 silly install resolved        [Object],
35 silly install resolved        [Object],
35 silly install resolved        [Object],
35 silly install resolved        [Object],
35 silly install resolved        [Object],
35 silly install resolved        [Object],
35 silly install resolved        [Object],
35 silly install resolved        [Object],
35 silly install resolved        [Object],
35 silly install resolved        [Object],
35 silly install resolved        [Object],
35 silly install resolved        [Object],
35 silly install resolved        [Object] ],
35 silly install resolved     license: 'Apache-2.0',
35 silly install resolved     _id: 'cordova@6.5.0',
35 silly install resolved     _shasum: 'e6ec81b17dd50c17c40b4b87330f7ced38fb0b47',
35 silly install resolved     _resolved: 'https://registry.npmjs.org/cordova/-/cordova-6.5.0.tgz',
35 silly install resolved     _from: 'cordova@latest',
35 silly install resolved     _npmVersion: '4.1.1',
35 silly install resolved     _nodeVersion: '6.6.0',
35 silly install resolved     _npmUser: { name: 'stevegill', email: 'stevengill97@gmail.com' },
35 silly install resolved     dist:
35 silly install resolved      { shasum: 'e6ec81b17dd50c17c40b4b87330f7ced38fb0b47',
35 silly install resolved        tarball: 'https://registry.npmjs.org/cordova/-/cordova-6.5.0.tgz' },
35 silly install resolved     maintainers:
35 silly install resolved      [ [Object],
35 silly install resolved        [Object],
35 silly install resolved        [Object],
35 silly install resolved        [Object],
35 silly install resolved        [Object],
35 silly install resolved        [Object],
35 silly install resolved        [Object],
35 silly install resolved        [Object],
35 silly install resolved        [Object],
35 silly install resolved        [Object],
35 silly install resolved        [Object],
35 silly install resolved        [Object],
35 silly install resolved        [Object],
35 silly install resolved        [Object],
35 silly install resolved        [Object],
35 silly install resolved        [Object],
35 silly install resolved        [Object],
35 silly install resolved        [Object],
35 silly install resolved        [Object] ],
35 silly install resolved     _npmOperationalInternal:
35 silly install resolved      { host: 'packages-18-east.internal.npmjs.com',
35 silly install resolved        tmp: 'tmp/cordova-6.5.0.tgz_1485219222077_0.392245483584702' },
35 silly install resolved     directories: {},
35 silly install resolved     readme: 'ERROR: No README data found!' } ]
36 info install cordova@6.5.0 into /usr/local/lib
37 info installOne cordova@6.5.0
38 verbose installOne of cordova to /usr/local/lib not in flight; installing
39 verbose lock using /Users/batmaster/.npm/_locks/cordova-fa12e2e096426a32.lock for /usr/local/lib/node_modules/cordova
40 silly install write writing cordova 6.5.0 to /usr/local/lib/node_modules/cordova
41 verbose unbuild lib/node_modules/cordova
42 info preuninstall cordova@6.5.0
43 info uninstall cordova@6.5.0
44 verbose unbuild rmStuff cordova@6.5.0 from /usr/local/lib/node_modules
45 silly gentlyRm /usr/local/bin/cordova is being gently removed
46 silly gentlyRm verifying /usr/local is an npm working directory
47 silly gentlyRm containing path /usr/local is under npm's control, in /usr/local
48 silly gentlyRm deletion target /usr/local/bin/cordova is under /usr/local
49 verbose gentlyRm vacuuming from /usr/local/bin/cordova up to /usr/local
50 silly vacuum-fs removing /usr/local/bin/cordova
51 silly vacuum-fs quitting because other entries in /usr/local/bin
52 info postuninstall cordova@6.5.0
53 silly gentlyRm /usr/local/lib/node_modules/cordova is being purged from base /usr/local
54 verbose gentlyRm don't care about contents; nuking /usr/local/lib/node_modules/cordova
55 silly vacuum-fs purging /usr/local/lib/node_modules/cordova
56 verbose unlock done using /Users/batmaster/.npm/_locks/cordova-fa12e2e096426a32.lock for /usr/local/lib/node_modules/cordova
57 verbose stack Error: EACCES: permission denied, rmdir '/usr/local/lib/node_modules/cordova'
57 verbose stack     at Error (native)
58 verbose cwd /Users/batmaster/HelloWorld/HelloWorld
59 error Darwin 16.3.0
60 error argv "/usr/local/bin/node" "/usr/local/bin/npm" "install" "-g" "cordova"
61 error node v4.3.1
62 error npm  v2.14.12
63 error path /usr/local/lib/node_modules/cordova
64 error code EACCES
65 error errno -13
66 error syscall rmdir
67 error Error: EACCES: permission denied, rmdir '/usr/local/lib/node_modules/cordova'
67 error     at Error (native)
67 error  { [Error: EACCES: permission denied, rmdir '/usr/local/lib/node_modules/cordova']
67 error   errno: -13,
67 error   code: 'EACCES',
67 error   syscall: 'rmdir',
67 error   path: '/usr/local/lib/node_modules/cordova' }
68 error Please try running this command again as root/Administrator.
69 verbose exit [ -13, true ]
70 verbose unbuild lib/node_modules/cordova
71 info preuninstall cordova@6.5.0
72 info uninstall cordova@6.5.0
73 verbose unbuild rmStuff cordova@6.5.0 from /usr/local/lib/node_modules
74 silly gentlyRm /usr/local/bin/cordova is being gently removed
75 silly gentlyRm verifying /usr/local is an npm working directory
76 silly gentlyRm containing path /usr/local is under npm's control, in /usr/local
77 silly gentlyRm deletion target /usr/local/bin/cordova is under /usr/local
78 verbose gentlyRm vacuuming from /usr/local/bin/cordova up to /usr/local
79 info postuninstall cordova@6.5.0
80 silly gentlyRm /usr/local/lib/node_modules/cordova is being purged from base /usr/local
81 verbose gentlyRm don't care about contents; nuking /usr/local/lib/node_modules/cordova
82 silly vacuum-fs purging /usr/local/lib/node_modules/cordova
83 error error rolling back Error: EACCES: permission denied, rmdir '/usr/local/lib/node_modules/cordova'
83 error error rolling back     at Error (native)
83 error error rolling back  { [Error: EACCES: permission denied, rmdir '/usr/local/lib/node_modules/cordova']
83 error error rolling back   errno: -13,
83 error error rolling back   code: 'EACCES',
83 error error rolling back   syscall: 'rmdir',
83 error error rolling back   path: '/usr/local/lib/node_modules/cordova' }
